<component name="libraryTable">
  <library name="JUnit 4">
    <CLASSES>
      <root url="jar://F:/jar/MeEclipseLib/plugins/org.junit_4.12.0.v201504281640/junit.jar!/" />
      <root url="jar://F:/jar/MeEclipseLib/plugins/org.hamcrest.core_1.3.0.v201303031735.jar!/" />
    </CLASSES>
    <JAVADOC />
    <SOURCES />
  </library>
</component>